usage: RunTsaoni.py [-h] [--task TASK] [--model_checkpoint MODEL_CHECKPOINT]
                    [--tokenizer_checkpoint TOKENIZER_CHECKPOINT]
                    [--decode_mode DECODE_MODE]
                    [--victim_model_checkpoint VICTIM_MODEL_CHECKPOINT]
                    [--victim_tokenizer_checkpoint VICTIM_TOKENIZER_CHECKPOINT]
                    [--data_local_path DATA_LOCAL_PATH]
                    [--cuda_device CUDA_DEVICE]
                    [--victim_device VICTIM_DEVICE] [--start START]
                    [--end END] [--decode_layer DECODE_LAYER]
                    [--perturb_layer PERTURB_LAYER]
                    [--num_seg_steps NUM_SEG_STEPS]
                    [--num_adv_steps NUM_ADV_STEPS] [--adv_lr ADV_LR]
                    [--init_mag INIT_MAG] [--decode_weight DECODE_WEIGHT]
                    [--bs_lower_limit BS_LOWER_LIMIT]
                    [--bs_upper_limit BS_UPPER_LIMIT]
                    [--local_victim LOCAL_VICTIM] [--local_model LOCAL_MODEL]
                    [--target_metric TARGET_METRIC]
                    [--stop_random_cover STOP_RANDOM_COVER]
                    [--eval_lower_limit EVAL_LOWER_LIMIT]
                    [--prefix_len PREFIX_LEN]
RunTsaoni.py: error: argument --prefix_len: expected one argument
